Warming up ...
Warm up has been done
 
 
 
Network first Communication Protocol is On
Network second Communication Protocol is On
 
 
 
[2KDevice 'wlp9s0' successfully activated with '41f7ec9c-189f-4d9b-bf48-582903c6ca81'.
 
Connected to DTF
 
 
PING ox.ac.uk (151.101.130.216) 56(84) bytes of data.

--- ox.ac.uk ping statistics ---
4 packets transmitted, 0 received, 100% packet loss, time 3079ms

 
 
PING google.com (209.85.233.100) 56(84) bytes of data.

--- google.com ping statistics ---
4 packets transmitted, 0 received, 100% packet loss, time 3013ms

 
 
PING youtube.com (108.177.14.136) 56(84) bytes of data.

--- youtube.com ping statistics ---
4 packets transmitted, 0 received, 100% packet loss, time 3053ms

 
 
PING cam.ac.uk (23.185.0.3) 56(84) bytes of data.

--- cam.ac.uk ping statistics ---
4 packets transmitted, 0 received, 100% packet loss, time 3064ms

 
 
PING harvard.edu (192.0.66.20) 56(84) bytes of data.

--- harvard.edu ping statistics ---
4 packets transmitted, 0 received, 100% packet loss, time 3076ms

 
 
PING stanford.edu (171.67.215.200) 56(84) bytes of data.

--- stanford.edu ping statistics ---
4 packets transmitted, 0 received, 100% packet loss, time 3070ms

 
 
PING portal.uab.pt (213.63.232.43) 56(84) bytes of data.

--- portal.uab.pt ping statistics ---
4 packets transmitted, 0 received, 100% packet loss, time 3074ms

 
 
PING mercadolibre.com.ar (3.33.182.45) 56(84) bytes of data.

--- mercadolibre.com.ar ping statistics ---
4 packets transmitted, 0 received, 100% packet loss, time 3054ms

 
 
PING asus.com (103.10.4.227) 56(84) bytes of data.

--- asus.com ping statistics ---
4 packets transmitted, 0 received, 100% packet loss, time 3063ms

 
 
PING lmu.de (141.84.44.56) 56(84) bytes of data.

--- lmu.de ping statistics ---
4 packets transmitted, 0 received, 100% packet loss, time 3075ms

 
 
PING uni-muenster.de (128.176.6.221) 56(84) bytes of data.

--- uni-muenster.de ping statistics ---
4 packets transmitted, 0 received, 100% packet loss, time 3049ms

 
 
PING museodelprado.es (188.114.98.224) 56(84) bytes of data.

--- museodelprado.es ping statistics ---
4 packets transmitted, 0 received, 100% packet loss, time 3054ms

 
 
Wi-Fi connection has been established
 
 
 
HDD has been mounted
 
 
 

(process:4125): dconf-WARNING **: 12:06:50.202: failed to commit changes to dconf: Failed to execute child process ‚Äúdbus-launch‚Äù (No such file or directory)
 
 
 
 
 
rm: cannot remove '/home/time-traveller/.local/share/Trash/files/*': No such file or directory
rm: cannot remove '/home/time-traveller/.local/share/Trash/files/*': No such file or directory
file/folder /home/time-traveller/.local/share/Trash/files/* has been deleted
rm: cannot remove '/media/time-traveller/8EF6D665F6D64D59/.Trash-1000/files/*': No such file or directory
rm: cannot remove '/media/time-traveller/8EF6D665F6D64D59/.Trash-1000/files/*': No such file or directory
rm: cannot remove '/media/time-traveller/A418A1E418A1B5A8/.Trash-1000/files/*': No such file or directory
rm: cannot remove '/media/time-traveller/A418A1E418A1B5A8/.Trash-1000/files/*': No such file or directory
 
 

WARNING: apt does not have a stable CLI interface. Use with caution in scripts.

Reading package lists...
Building dependency tree...
Reading state information...
0 upgraded, 0 newly installed, 0 to remove and 1 not upgraded.
 
 
file /home/time-traveller/macros/scripts/bind_to_network.sh has been copied
file /home/time-traveller/macros/scripts/cdh has been copied
file /home/time-traveller/macros/scripts/check_benchmarks_status.sh has been copied
file /home/time-traveller/macros/scripts/check_weather_forecast_simple_status.sh has been copied
file /home/time-traveller/macros/scripts/connect_to_net.sh has been copied
file /home/time-traveller/macros/scripts/establish_network_connection.sh has been copied
file /home/time-traveller/macros/scripts/get_benchmarks_value_procentile.sh has been copied
file /home/time-traveller/macros/scripts/get_hr_report.sh has been copied
file /home/time-traveller/macros/scripts/get_inc_report.sh has been copied
file /home/time-traveller/macros/scripts/get_logs_operations.sh has been copied
file /home/time-traveller/macros/scripts/get_logs.sh has been copied
file /home/time-traveller/macros/scripts/get_mod_from_drivers.sh has been copied
file /home/time-traveller/macros/scripts/get_sol_hours.sh has been copied
file /home/time-traveller/macros/scripts/get_weather_forecast_extended.sh has been copied
file /home/time-traveller/macros/scripts/get_weather_forecast_simple.sh has been copied
file /home/time-traveller/macros/scripts/load_from_web.sh has been copied
file /home/time-traveller/macros/scripts/make_mix.sh has been copied
file /home/time-traveller/macros/scripts/modules has been copied
file /home/time-traveller/macros/scripts/mount_klondike.sh has been copied
file /home/time-traveller/macros/scripts/obtain_inc_stock_report.sh has been copied
file /home/time-traveller/macros/scripts/obtain_sol_hours.sh has been copied
file /home/time-traveller/macros/scripts/obtain_weather_forecast.sh has been copied
file /home/time-traveller/macros/scripts/primary_stage has been copied
file /home/time-traveller/macros/scripts/quick_start.sh has been copied
file /home/time-traveller/macros/scripts/run_downloading_client.sh has been copied
file /home/time-traveller/macros/scripts/run_heat_up.sh has been copied
file /home/time-traveller/macros/scripts/run_main_scene.sh has been copied
file /home/time-traveller/macros/scripts/run_navigation_system.sh has been copied
file /home/time-traveller/macros/scripts/run_search_engine.sh has been copied
file /home/time-traveller/macros/scripts/run_services.sh has been copied
file /home/time-traveller/macros/scripts/run_voice_conference.sh has been copied
file /home/time-traveller/macros/scripts/scripts_stage_six has been copied
file /home/time-traveller/macros/scripts/services has been copied
file /home/time-traveller/macros/scripts/set_front_image.sh has been copied
file /home/time-traveller/macros/scripts/set_next_front_image.sh has been copied
file /home/time-traveller/macros/patches/change_hr_parser.py has been copied
file /home/time-traveller/macros/patches/change_hr_parser.sh has been copied
file /home/time-traveller/macros/patches/change_image_folder.py has been copied
file /home/time-traveller/macros/patches/change_image_folder.sh has been copied
file /home/time-traveller/macros/patches/change_images_titles_folder_3.py has been copied
file /home/time-traveller/macros/patches/change_images_titles_folder_3.sh has been copied
file /home/time-traveller/macros/patches/change_images_titles_folder_4.py has been copied
file /home/time-traveller/macros/patches/change_images_titles_folder_4.sh has been copied
file /home/time-traveller/macros/patches/change_images_titles_folder_5.py has been copied
file /home/time-traveller/macros/patches/change_images_titles_folder_5.sh has been copied
file /home/time-traveller/macros/patches/change_images_titles_folder_6.py has been copied
file /home/time-traveller/macros/patches/change_images_titles_folder_6.sh has been copied
file /home/time-traveller/macros/patches/change_images_titles_folder_7.py has been copied
file /home/time-traveller/macros/patches/change_images_titles_folder_7.sh has been copied
file /home/time-traveller/macros/patches/change_inc_tickers.py has been copied
file /home/time-traveller/macros/patches/change_inc_tickers.sh has been copied
file /home/time-traveller/macros/patches/change_inner_text_of_file.py has been copied
file /home/time-traveller/macros/patches/change_quick_start.py has been copied
file /home/time-traveller/macros/patches/change_quick_start.sh has been copied
file /home/time-traveller/macros/patches/change_update_delay.py has been copied
file /home/time-traveller/macros/patches/change_update_delay.sh has been copied
file /home/time-traveller/macros/patches/change_weather_forecast_extended_interval.py has been copied
file /home/time-traveller/macros/patches/change_weather_forecast_extended_interval.sh has been copied
file /home/time-traveller/macros/patches/change_weather_forecast_simple_interval.py has been copied
file /home/time-traveller/macros/patches/change_weather_forecast_simple_interval.sh has been copied
file /home/time-traveller/macros/patches/change_weather_forecast_simple_time_interval.py has been copied
file /home/time-traveller/macros/patches/run_startup.sh has been copied
 
backup has been done
 
 
 

(process:4338): dconf-WARNING **: 12:07:04.127: failed to commit changes to dconf: Failed to execute child process ‚Äúdbus-launch‚Äù (No such file or directory)
 
 
 
/home/time-traveller/macros/scripts/scripts_stage_six/scripts_stage_five/scripts_stage_four/scripts_stage_three/scripts_stage_two/scripts_stage_one/run_browser_with_education.sh: line 3: bg: no job control
 
 
/home/time-traveller/macros/scripts/scripts_stage_six/scripts_stage_five/scripts_stage_four/scripts_stage_three/scripts_stage_two/scripts_stage_one/run_voiceconference_zoom_player.sh: line 3: bg: no job control
 
 
/home/time-traveller/macros/scripts/scripts_stage_six/scripts_stage_five/scripts_stage_four/scripts_stage_three/scripts_stage_two/scripts_stage_one/run_messenger.sh: line 3: bg: no job control
 
 
/home/time-traveller/macros/scripts/scripts_stage_six/scripts_stage_five/scripts_stage_four/scripts_stage_three/scripts_stage_two/scripts_stage_one/run_audio_player.sh: line 3: bg: no job control
 
 
/home/time-traveller/macros/scripts/scripts_stage_six/scripts_stage_five/scripts_stage_four/scripts_stage_three/scripts_stage_two/scripts_stage_one/run_ktorrent_client.sh: line 3: bg: no job control
 
 
/home/time-traveller/macros/scripts/scripts_stage_six/scripts_stage_five/scripts_stage_four/scripts_stage_three/scripts_stage_two/scripts_stage_one/run_playwright_editor_cslt.sh: line 3: bg: no job control
 
 
/home/time-traveller/macros/scripts/scripts_stage_six/scripts_stage_five/scripts_stage_four/scripts_stage_three/scripts_stage_two/scripts_stage_one/run_playwright_editor_cslt.sh: line 3: causality: command not found
/home/time-traveller/macros/scripts/scripts_stage_six/scripts_stage_five/scripts_stage_four/scripts_stage_three/scripts_stage_two/scripts_stage_one/run_document_editor_libre.sh: line 3: bg: no job control
 
 
/home/time-traveller/macros/scripts/scripts_stage_six/scripts_stage_five/scripts_stage_four/scripts_stage_three/scripts_stage_two/scripts_stage_one/run_fast_copy.sh: line 3: bg: no job control
 
 
/home/time-traveller/macros/scripts/scripts_stage_six/scripts_stage_five/scripts_stage_four/scripts_stage_three/scripts_stage_two/scripts_stage_one/run_cyber.sh: line 3: bg: no job control
 
 
/home/time-traveller/macros/scripts/scripts_stage_six/scripts_stage_five/scripts_stage_four/scripts_stage_three/scripts_stage_two/scripts_stage_one/run_cyber.sh: line 3: gnome-mahjongg: command not found
/home/time-traveller/macros/scripts/scripts_stage_six/scripts_stage_five/scripts_stage_four/scripts_stage_three/scripts_stage_two/scripts_stage_one/run_cyber_hash.sh: line 3: bg: no job control
 
 
/home/time-traveller/macros/scripts/scripts_stage_six/scripts_stage_five/scripts_stage_four/scripts_stage_three/scripts_stage_two/scripts_stage_one/run_cyber_hash.sh: line 3: gnome-sudoku: command not found

(process:4391): dconf-WARNING **: 12:07:04.194: failed to commit changes to dconf: Failed to execute child process ‚Äúdbus-launch‚Äù (No such file or directory)
 
 
 
 
 

WARNING: apt does not have a stable CLI interface. Use with caution in scripts.

Reading package lists...
Building dependency tree...
Reading state information...
update.go:85: cannot change mount namespace according to change mount (/var/lib/snapd/hostfs/usr/local/share/doc /usr/local/share/doc none bind,ro 0 0): cannot open directory "/usr/local/share": permission denied
update.go:85: cannot change mount namespace according to change mount (/var/lib/snapd/hostfs/usr/share/gimp/2.0/help /usr/share/gimp/2.0/help none bind,ro 0 0): cannot write to "/var/lib/snapd/hostfs/usr/share/gimp/2.0/help" because it would affect the host in "/var/lib/snapd"
update.go:85: cannot change mount namespace according to change mount (/var/lib/snapd/hostfs/usr/share/sphinx_rtd_theme /usr/share/sphinx_rtd_theme none bind,ro 0 0): cannot write to "/var/lib/snapd/hostfs/usr/share/sphinx_rtd_theme" because it would affect the host in "/var/lib/snapd"
update.go:85: cannot change mount namespace according to change mount (/var/lib/snapd/hostfs/usr/share/xubuntu-docs /usr/share/xubuntu-docs none bind,ro 0 0): cannot write to "/var/lib/snapd/hostfs/usr/share/xubuntu-docs" because it would affect the host in "/var/lib/snapd"
0 upgraded, 0 newly installed, 0 to remove and 1 not upgraded.
 
 
 

WARNING: apt does not have a stable CLI interface. Use with caution in scripts.

mkdir: cannot create directory ‚Äò/run/user/0‚Äô: Permission denied
Ign:1 https://packages.openvpn.net/openvpn3/debian jammy InRelease
Ign:2 https://download.docker.com/linux/ubuntu jammy InRelease
Ign:3 https://dl.winehq.org/wine-builds/ubuntu focal InRelease
Ign:6 https://repo.yandex.ru/yandex-browser/deb beta InRelease
Ign:8 https://ppa.launchpadcontent.net/appimagelauncher-team/stable/ubuntu jammy InRelease
Get:4 http://ru.archive.ubuntu.com/ubuntu jammy InRelease [7‚ÄØ110 B]
Err:4 http://ru.archive.ubuntu.com/ubuntu jammy InRelease
  Clearsigned file isn't valid, got 'NOSPLIT' (does the network require authentication?)
Get:5 http://ru.archive.ubuntu.com/ubuntu jammy-updates InRelease [7‚ÄØ110 B]
Err:5 http://ru.archive.ubuntu.com/ubuntu jammy-updates InRelease
  Clearsigned file isn't valid, got 'NOSPLIT' (does the network require authentication?)
Get:7 http://ru.archive.ubuntu.com/ubuntu jammy-backports InRelease [7‚ÄØ110 B]
Err:7 http://ru.archive.ubuntu.com/ubuntu jammy-backports InRelease
  Clearsigned file isn't valid, got 'NOSPLIT' (does the network require authentication?)
Ign:9 https://ppa.launchpadcontent.net/mozillateam/ppa/ubuntu jammy InRelease
Ign:11 https://packages.microsoft.com/repos/vscode stable InRelease
Get:10 http://security.ubuntu.com/ubuntu jammy-security InRelease [7‚ÄØ110 B]
Err:10 http://security.ubuntu.com/ubuntu jammy-security InRelease
  Clearsigned file isn't valid, got 'NOSPLIT' (does the network require authentication?)
Ign:12 https://ppa.launchpadcontent.net/openshot.developers/ppa/ubuntu jammy InRelease
Ign:13 https://packages.microsoft.com/repos/code stable InRelease
Ign:14 https://ppa.launchpadcontent.net/osmoma/audio-recorder/ubuntu jammy InRelease
Ign:15 https://ppa.launchpadcontent.net/smc-packagers/ppa/ubuntu jammy InRelease
Ign:2 https://download.docker.com/linux/ubuntu jammy InRelease
Ign:3 https://dl.winehq.org/wine-builds/ubuntu focal InRelease
Ign:1 https://packages.openvpn.net/openvpn3/debian jammy InRelease
Ign:6 https://repo.yandex.ru/yandex-browser/deb beta InRelease
Ign:8 https://ppa.launchpadcontent.net/appimagelauncher-team/stable/ubuntu jammy InRelease
Ign:9 https://ppa.launchpadcontent.net/mozillateam/ppa/ubuntu jammy InRelease
Ign:11 https://packages.microsoft.com/repos/vscode stable InRelease
Ign:12 https://ppa.launchpadcontent.net/openshot.developers/ppa/ubuntu jammy InRelease
Ign:13 https://packages.microsoft.com/repos/code stable InRelease
Ign:14 https://ppa.launchpadcontent.net/osmoma/audio-recorder/ubuntu jammy InRelease
Ign:15 https://ppa.launchpadcontent.net/smc-packagers/ppa/ubuntu jammy InRelease
Ign:2 https://download.docker.com/linux/ubuntu jammy InRelease
Ign:3 https://dl.winehq.org/wine-builds/ubuntu focal InRelease
Ign:6 https://repo.yandex.ru/yandex-browser/deb beta InRelease
Ign:1 https://packages.openvpn.net/openvpn3/debian jammy InRelease
Ign:8 https://ppa.launchpadcontent.net/appimagelauncher-team/stable/ubuntu jammy InRelease
Ign:9 https://ppa.launchpadcontent.net/mozillateam/ppa/ubuntu jammy InRelease
Ign:11 https://packages.microsoft.com/repos/vscode stable InRelease
Ign:12 https://ppa.launchpadcontent.net/openshot.developers/ppa/ubuntu jammy InRelease
Ign:13 https://packages.microsoft.com/repos/code stable InRelease
Ign:14 https://ppa.launchpadcontent.net/osmoma/audio-recorder/ubuntu jammy InRelease
Ign:15 https://ppa.launchpadcontent.net/smc-packagers/ppa/ubuntu jammy InRelease
Err:2 https://download.docker.com/linux/ubuntu jammy InRelease
  Could not handshake: The TLS connection was non-properly terminated. [IP: 3.164.206.39 443]
Err:6 https://repo.yandex.ru/yandex-browser/deb beta InRelease
  Could not handshake: The TLS connection was non-properly terminated. [IP: 213.180.204.183 443]
Err:3 https://dl.winehq.org/wine-builds/ubuntu focal InRelease
  Could not handshake: Error in the pull function. [IP: 146.75.118.217 443]
Err:1 https://packages.openvpn.net/openvpn3/debian jammy InRelease
  Could not handshake: The TLS connection was non-properly terminated. [IP: 104.19.190.106 443]
Err:8 https://ppa.launchpadcontent.net/appimagelauncher-team/stable/ubuntu jammy InRelease
  Could not handshake: The TLS connection was non-properly terminated. [IP: 185.125.190.80 443]
QStandardPaths: XDG_RUNTIME_DIR not set, defaulting to '/tmp/runtime-root'
Err:11 https://packages.microsoft.com/repos/vscode stable InRelease
  Could not handshake: Error in the pull function. [IP: 13.107.253.45 443]
Err:9 https://ppa.launchpadcontent.net/mozillateam/ppa/ubuntu jammy InRelease
  Could not handshake: The TLS connection was non-properly terminated. [IP: 185.125.190.80 443]
Err:13 https://packages.microsoft.com/repos/code stable InRelease
  Could not handshake: Error in the pull function. [IP: 13.107.253.45 443]
Err:12 https://ppa.launchpadcontent.net/openshot.developers/ppa/ubuntu jammy InRelease
  Could not handshake: The TLS connection was non-properly terminated. [IP: 185.125.190.80 443]
Err:14 https://ppa.launchpadcontent.net/osmoma/audio-recorder/ubuntu jammy InRelease
  Could not handshake: The TLS connection was non-properly terminated. [IP: 185.125.190.80 443]
Err:15 https://ppa.launchpadcontent.net/smc-packagers/ppa/ubuntu jammy InRelease
  Could not handshake: The TLS connection was non-properly terminated. [IP: 185.125.190.80 443]
QStandardPaths: XDG_RUNTIME_DIR not set, defaulting to '/tmp/runtime-root'
Reading package lists...kf.dbusaddons: DBus session bus not found. To circumvent this problem try the following command (with bash):
    export $(dbus-launch)

E: The repository 'http://ru.archive.ubuntu.com/ubuntu jammy InRelease' is no longer signed.
E: Failed to fetch http://ru.archive.ubuntu.com/ubuntu/dists/jammy/InRelease  Clearsigned file isn't valid, got 'NOSPLIT' (does the network require authentication?)
E: The repository 'http://ru.archive.ubuntu.com/ubuntu jammy-updates InRelease' is no longer signed.
E: Failed to fetch http://ru.archive.ubuntu.com/ubuntu/dists/jammy-updates/InRelease  Clearsigned file isn't valid, got 'NOSPLIT' (does the network require authentication?)
E: Failed to fetch http://ru.archive.ubuntu.com/ubuntu/dists/jammy-backports/InRelease  Clearsigned file isn't valid, got 'NOSPLIT' (does the network require authentication?)
E: The repository 'http://ru.archive.ubuntu.com/ubuntu jammy-backports InRelease' is no longer signed.
E: Failed to fetch http://security.ubuntu.com/ubuntu/dists/jammy-security/InRelease  Clearsigned file isn't valid, got 'NOSPLIT' (does the network require authentication?)
E: The repository 'http://security.ubuntu.com/ubuntu jammy-security InRelease' is no longer signed.
 
 
 

WARNING: apt does not have a stable CLI interface. Use with caution in scripts.

Reading package lists...
Building dependency tree...
Reading state information...
[4348:4348:0301/120718.550043:ERROR:zygote_host_impl_linux.cc(100)] Running as root without --no-sandbox is not supported. See https://crbug.com/638180.
Calculating upgrade...
Get more security updates through Ubuntu Pro with 'esm-apps' enabled:
  libvlc5 python2.7-minimal libopencv-objdetect4.5d vlc-data
  libopencv-contrib4.5d python3-tornado libvlccore9 libheif1
  libopencv-imgcodecs4.5d libavcodec-extra libopusfile0 libpathplan4 graphviz
  libavdevice58 libgvpr2 libgvc6 ffmpeg libopencv-video4.5d libopenexr25
  libmagick++-6.q16-8 libpostproc55 libopencv-highgui4.5d libcgraph6
  libopencv-core4.5d libsoup-3.0-0 libcdt5 libmagickwand-6.q16-6
  libavcodec-extra58 libpython2.7 libavutil56 libswscale5
  libmagickcore-6.q16-6 libopencv-features2d4.5d liblab-gamut1 libswresample3
  imagemagick-6-common vlc-plugin-video-output libopencv-dnn4.5d
  libsoup-3.0-common libopencv-ml4.5d libavformat58 libopencv-calib3d4.5d
  python2.7-dev libpython2.7-dev libopencv-flann4.5d libopencv-imgproc4.5d
  python2.7 libde265-0 libpython2.7-minimal libvlc-bin libpython2.7-stdlib
  vlc-plugin-base libavfilter7
Learn more about Ubuntu Pro at https://ubuntu.com/pro
The following packages have been kept back:
  fonts-noto-color-emoji
0 upgraded, 0 newly installed, 0 to remove and 1 not upgraded.
 
 
 
 
Traceback (most recent call last):
  File "/home/time-traveller/macros/scripts/scripts_stage_six/scripts_stage_five/scripts_stage_four/scripts_stage_three/scripts_stage_two/scripts_stage_one/secondary_scripts/parse_sol_hs.py", line 1, in <module>
    import requests
ModuleNotFoundError: No module named 'requests'
 
 
Sol hours have been parsed
 
 
 
/home/time-traveller/macros/scripts/scripts_stage_six/scripts_stage_five/scripts_stage_four/load_from_web.sh: line 5: /home/time-traveller/macros/scripts/scripts_stage_six/scripts_stage_five/scripts_stage_four/scripts_stage_three/parse_inc_stock_report.sh: No such file or directory
 
Traceback (most recent call last):
  File "/home/time-traveller/macros/scripts/scripts_stage_six/scripts_stage_five/scripts_stage_four/scripts_stage_three/scripts_stage_two/scripts_stage_one/secondary_scripts/hr_agency/parse_jobs_apijob_query1.py", line 1, in <module>
    import requests
ModuleNotFoundError: No module named 'requests'
Jobs have been parsed
 
 
Traceback (most recent call last):
  File "/home/time-traveller/macros/scripts/scripts_stage_six/scripts_stage_five/scripts_stage_four/scripts_stage_three/scripts_stage_two/scripts_stage_one/secondary_scripts/hr_agency/parse_jobs_apijob_query2.py", line 1, in <module>
    import requests
ModuleNotFoundError: No module named 'requests'
Jobs have been parsed
 
 
Traceback (most recent call last):
  File "/home/time-traveller/macros/scripts/scripts_stage_six/scripts_stage_five/scripts_stage_four/scripts_stage_three/scripts_stage_two/scripts_stage_one/secondary_scripts/hr_agency/parse_jobs_apijob_query3.py", line 1, in <module>
    import requests
ModuleNotFoundError: No module named 'requests'
Jobs have been parsed
 
 
Traceback (most recent call last):
  File "/home/time-traveller/macros/scripts/scripts_stage_six/scripts_stage_five/scripts_stage_four/scripts_stage_three/scripts_stage_two/scripts_stage_one/secondary_scripts/hr_agency/parse_jobs_apijob_query4.py", line 1, in <module>
    import requests
ModuleNotFoundError: No module named 'requests'
Jobs have been parsed
 
HR reports have been parsed
 
 
Traceback (most recent call last):
  File "/home/time-traveller/macros/scripts/scripts_stage_six/scripts_stage_five/scripts_stage_four/scripts_stage_three/scripts_stage_two/scripts_stage_one/secondary_scripts/weather_forecast/parse_weather_forecast_with_timeframe_1d.py", line 1, in <module>
    import requests
ModuleNotFoundError: No module named 'requests'
Weather forecast for 1 day has been parsed
 
 
Traceback (most recent call last):
  File "/home/time-traveller/macros/scripts/scripts_stage_six/scripts_stage_five/scripts_stage_four/scripts_stage_three/scripts_stage_two/scripts_stage_one/secondary_scripts/weather_forecast/parse_weather_forecast_with_timeframe_2d.py", line 1, in <module>
    import requests
ModuleNotFoundError: No module named 'requests'
Weather forecast for 2 days has been parsed
 
 
Traceback (most recent call last):
  File "/home/time-traveller/macros/scripts/scripts_stage_six/scripts_stage_five/scripts_stage_four/scripts_stage_three/scripts_stage_two/scripts_stage_one/secondary_scripts/weather_forecast/parse_weather_forecast_with_timeframe_3d.py", line 1, in <module>
    import requests
ModuleNotFoundError: No module named 'requests'
Weather forecast for 3 days has been parsed
 
 
Traceback (most recent call last):
  File "/home/time-traveller/macros/scripts/scripts_stage_six/scripts_stage_five/scripts_stage_four/scripts_stage_three/scripts_stage_two/scripts_stage_one/secondary_scripts/weather_forecast/parse_weather_forecast_with_timeframe_4d.py", line 1, in <module>
    import requests
ModuleNotFoundError: No module named 'requests'
Weather forecast for 4 days has been parsed
 
Weather forecast has been parsed
 
 
 

(process:4701): dconf-WARNING **: 12:07:20.186: failed to commit changes to dconf: Failed to execute child process ‚Äúdbus-launch‚Äù (No such file or directory)
 
 
 
|
qt.qpa.theme.dbus: Session DBus not running.
qt.qpa.theme.dbus: Application will not react to setting changes.
 Check your DBus installation.
QPainter::begin: Paint device returned engine == 0, type: 2
QWidget::render: Cannot render with an inactive painter
0058:err:winediag:is_broken_driver Broken NVIDIA RandR detected, falling back to RandR 1.0. Please consider using the Nouveau driver instead.
0068:err:winediag:is_broken_driver Broken NVIDIA RandR detected, falling back to RandR 1.0. Please consider using the Nouveau driver instead.
0058:err:ole:start_rpcss Failed to open RpcSs service
0048:err:winediag:is_broken_driver Broken NVIDIA RandR detected, falling back to RandR 1.0. Please consider using the Nouveau driver instead.
0068:err:ole:start_rpcss Failed to open RpcSs service
0068:err:ole:start_rpcss Failed to open RpcSs service
0060:err:winediag:is_broken_driver Broken NVIDIA RandR detected, falling back to RandR 1.0. Please consider using the Nouveau driver instead.
0060:err:ole:start_rpcss Failed to open RpcSs service
0060:err:ole:com_get_class_object class {77f10cf0-3db5-4966-b520-b7c54fd35ed6} not registered
0060:err:ole:start_rpcss Failed to open RpcSs service
0060:err:ole:create_server class {77f10cf0-3db5-4966-b520-b7c54fd35ed6} not registered
0060:err:ole:com_get_class_object no class object {77f10cf0-3db5-4966-b520-b7c54fd35ed6} could be created for context 0x5
0060:err:ole:start_rpcss Failed to open RpcSs service
0048:err:ole:start_rpcss Failed to open RpcSs service
0048:err:ole:create_server class {25dead04-1eac-4911-9e3a-ad0a4ab560fd} not registered
0048:err:ole:com_get_class_object no class object {25dead04-1eac-4911-9e3a-ad0a4ab560fd} could be created for context 0x4
QObject::~QObject: Timers cannot be stopped from another thread
 
 
0058:err:ole:start_rpcss Failed to open RpcSs service
